<?xml version="1.0" encoding="UTF-8"?>
<!-- Generated by org.testng.reporters.JUnitXMLReporter -->
<testsuite hostname="PhamHanh-PC" name="Default test" tests="6" failures="0" timestamp="20 Jan 2021 10:47:00 GMT" time="0.035" errors="0">
  <testcase name="@BeforeClass beforeClass" time="0.0" classname="com.IZZI.Admin.ADD_STORE_STYLE_SUCCESS">
    <failure type="org.testng.TestNGException" message="
Parameter &amp;apos;browser&amp;apos; is required by @Configuration on method beforeClass but has not been marked @Optional or defined
in C:\Users\Pham Hanh\AppData\Local\Temp\testng-eclipse--2139462060\testng-customsuite.xml">
      <![CDATA[org.testng.TestNGException: 
Parameter 'browser' is required by @Configuration on method beforeClass but has not been marked @Optional or defined
in C:\Users\Pham Hanh\AppData\Local\Temp\testng-eclipse--2139462060\testng-customsuite.xml
	at org.testng.internal.Parameters.createParameters(Parameters.java:154)
	at org.testng.internal.Parameters.createParameters(Parameters.java:361)
	at org.testng.internal.Parameters.createConfigurationParameters(Parameters.java:84)
	at org.testng.internal.Invoker.invokeConfigurations(Invoker.java:201)
	at org.testng.internal.Invoker.invokeConfigurations(Invoker.java:142)
	at org.testng.internal.TestMethodWorker.invokeBeforeClassMethods(TestMethodWorker.java:178)
	at org.testng.internal.TestMethodWorker.run(TestMethodWorker.java:108)
	at org.testng.TestRunner.privateRun(TestRunner.java:782)
	at org.testng.TestRunner.run(TestRunner.java:632)
	at org.testng.SuiteRunner.runTest(SuiteRunner.java:366)
	at org.testng.SuiteRunner.runSequentially(SuiteRunner.java:361)
	at org.testng.SuiteRunner.privateRun(SuiteRunner.java:319)
	at org.testng.SuiteRunner.run(SuiteRunner.java:268)
	at org.testng.SuiteRunnerWorker.runSuite(SuiteRunnerWorker.java:52)
	at org.testng.SuiteRunnerWorker.run(SuiteRunnerWorker.java:86)
	at org.testng.TestNG.runSuitesSequentially(TestNG.java:1244)
	at org.testng.TestNG.runSuitesLocally(TestNG.java:1169)
	at org.testng.TestNG.run(TestNG.java:1064)
	at org.testng.remote.AbstractRemoteTestNG.run(AbstractRemoteTestNG.java:115)
	at org.testng.remote.RemoteTestNG.initAndRun(RemoteTestNG.java:251)
	at org.testng.remote.RemoteTestNG.main(RemoteTestNG.java:77)
]]>
    </failure>
  </testcase> <!-- @BeforeClass beforeClass -->
  <testcase name="@AfterClass afterClass" time="0.0" classname="com.IZZI.Admin.ADD_STORE_STYLE_SUCCESS">
    <skipped/>
  </testcase> <!-- @AfterClass afterClass -->
  <testcase name="Create_Store_Child_Success" time="0.004" classname="com.IZZI.Admin.ADD_STORE_STYLE_SUCCESS">
    <skipped/>
  </testcase> <!-- Create_Store_Child_Success -->
  <testcase name="Create_Store_Parent_Success" time="0.001" classname="com.IZZI.Admin.ADD_STORE_STYLE_SUCCESS">
    <skipped/>
  </testcase> <!-- Create_Store_Parent_Success -->
  <testcase name="InValid_Classification_Name" time="0.001" classname="com.IZZI.Admin.ADD_STORE_STYLE_SUCCESS">
    <skipped/>
  </testcase> <!-- InValid_Classification_Name -->
  <testcase name="Input_Name_Not_Exist_Classification" time="0.0" classname="com.IZZI.Admin.ADD_STORE_STYLE_SUCCESS">
    <skipped/>
  </testcase> <!-- Input_Name_Not_Exist_Classification -->
  <testcase name="Select_More_Then_Delete_All_Item" time="0.001" classname="com.IZZI.Admin.ADD_STORE_STYLE_SUCCESS">
    <skipped/>
  </testcase> <!-- Select_More_Then_Delete_All_Item -->
  <testcase name="Select_One_Item_Then_Delete_Item" time="0.001" classname="com.IZZI.Admin.ADD_STORE_STYLE_SUCCESS">
    <skipped/>
  </testcase> <!-- Select_One_Item_Then_Delete_Item -->
</testsuite> <!-- Default test -->
